=== Build and Test Log ===
Timestamp: Sat Jan 31 08:58:30 PM UTC 2026
Base Commit: a3bd88f

=== Phase 10: Non-Blocking Speculative Reads ===

Changes:
- Added pendingWrites tracking to Replica
- Added pendingWrite struct
- Implemented computeSpeculativeResult method
- Modified handleWeakPropose for non-blocking reads
- Modified asyncReplicateWeak for cleanup

=== Build Output ===
Build: SUCCESS

=== Test Output ===
?   	github.com/imdea-software/swiftpaxos	[no test files]
?   	github.com/imdea-software/swiftpaxos/client	[no test files]
?   	github.com/imdea-software/swiftpaxos/config	[no test files]
?   	github.com/imdea-software/swiftpaxos/curp	[no test files]
=== RUN   TestMWeakProposeSerialization
--- PASS: TestMWeakProposeSerialization (0.00s)
=== RUN   TestMWeakReplySerialization
--- PASS: TestMWeakReplySerialization (0.00s)
=== RUN   TestMWeakProposeCache
--- PASS: TestMWeakProposeCache (0.00s)
=== RUN   TestMWeakReplyCache
--- PASS: TestMWeakReplyCache (0.00s)
=== RUN   TestConsistencyConstants
--- PASS: TestConsistencyConstants (0.00s)
=== RUN   TestCommandIdString
--- PASS: TestCommandIdString (0.00s)
=== RUN   TestWeakCommandExecution
--- PASS: TestWeakCommandExecution (0.00s)
=== RUN   TestMWeakProposeNew
--- PASS: TestMWeakProposeNew (0.00s)
=== RUN   TestMWeakReplyNew
--- PASS: TestMWeakReplyNew (0.00s)
=== RUN   TestMWeakProposeBinarySize
--- PASS: TestMWeakProposeBinarySize (0.00s)
=== RUN   TestMWeakReplyBinarySize
--- PASS: TestMWeakReplyBinarySize (0.00s)
=== RUN   TestCommandDescIsWeakField
--- PASS: TestCommandDescIsWeakField (0.00s)
=== RUN   TestMWeakProposeWithEmptyCommand
--- PASS: TestMWeakProposeWithEmptyCommand (0.00s)
=== RUN   TestMWeakReplyWithEmptyRep
--- PASS: TestMWeakReplyWithEmptyRep (0.00s)
=== RUN   TestMixedCommandsSlotOrdering
--- PASS: TestMixedCommandsSlotOrdering (0.00s)
=== RUN   TestCausalDepSerialization
--- PASS: TestCausalDepSerialization (0.00s)
=== RUN   TestCausalDepZeroValue
--- PASS: TestCausalDepZeroValue (0.00s)
=== RUN   TestWeakCommandChain
--- PASS: TestWeakCommandChain (0.00s)
=== RUN   TestMultiClientCausalIndependence
--- PASS: TestMultiClientCausalIndependence (0.00s)
=== RUN   TestWeakReplyPoolAllocation
--- PASS: TestWeakReplyPoolAllocation (0.00s)
=== RUN   TestCommandDescWeakExecution
--- PASS: TestCommandDescWeakExecution (0.00s)
=== RUN   TestCommandDescAppliedField
--- PASS: TestCommandDescAppliedField (0.00s)
=== RUN   TestWeakProposeMessageFields
--- PASS: TestWeakProposeMessageFields (0.00s)
=== RUN   TestWeakReplyMessageFields
--- PASS: TestWeakReplyMessageFields (0.00s)
=== RUN   TestComputeResultDoesNotModifyState
--- PASS: TestComputeResultDoesNotModifyState (0.00s)
=== RUN   TestExecuteModifiesStateAfterCommit
--- PASS: TestExecuteModifiesStateAfterCommit (0.00s)
=== RUN   TestAppliedFieldTracking
--- PASS: TestAppliedFieldTracking (0.00s)
=== RUN   TestSpeculativeResultMatchesFinalResult
--- PASS: TestSpeculativeResultMatchesFinalResult (0.00s)
=== RUN   TestSlotOrderedExecution
--- PASS: TestSlotOrderedExecution (0.00s)
=== RUN   TestMixedStrongWeakSlotOrdering
--- PASS: TestMixedStrongWeakSlotOrdering (0.00s)
=== RUN   TestPendingWriteKey
--- PASS: TestPendingWriteKey (0.00s)
=== RUN   TestPendingWriteStruct
--- PASS: TestPendingWriteStruct (0.00s)
=== RUN   TestSameClientReadAfterWrite
--- PASS: TestSameClientReadAfterWrite (0.00s)
=== RUN   TestPendingWritesCleanup
--- PASS: TestPendingWritesCleanup (0.00s)
=== RUN   TestCrossClientIsolation
--- PASS: TestCrossClientIsolation (0.00s)
=== RUN   TestPendingWriteSequenceOrdering
--- PASS: TestPendingWriteSequenceOrdering (0.00s)
=== RUN   TestComputeSpeculativeResultGETWithPending
--- PASS: TestComputeSpeculativeResultGETWithPending (0.00s)
=== RUN   TestComputeSpeculativeResultPUT
--- PASS: TestComputeSpeculativeResultPUT (0.00s)
PASS
ok  	github.com/imdea-software/swiftpaxos/curp-ht	(cached)
?   	github.com/imdea-software/swiftpaxos/dlog	[no test files]
?   	github.com/imdea-software/swiftpaxos/epaxos	[no test files]
?   	github.com/imdea-software/swiftpaxos/fastpaxos	[no test files]
?   	github.com/imdea-software/swiftpaxos/hook	[no test files]
?   	github.com/imdea-software/swiftpaxos/master	[no test files]
?   	github.com/imdea-software/swiftpaxos/n2paxos	[no test files]
?   	github.com/imdea-software/swiftpaxos/paxos	[no test files]
?   	github.com/imdea-software/swiftpaxos/replica	[no test files]
?   	github.com/imdea-software/swiftpaxos/replica/defs	[no test files]
?   	github.com/imdea-software/swiftpaxos/rpc	[no test files]
=== RUN   TestComputeResultGET
--- PASS: TestComputeResultGET (0.00s)
=== RUN   TestComputeResultPUT
--- PASS: TestComputeResultPUT (0.00s)
=== RUN   TestComputeResultSCAN
--- PASS: TestComputeResultSCAN (0.00s)
=== RUN   TestComputeResultNONE
--- PASS: TestComputeResultNONE (0.00s)
=== RUN   TestComputeResultGetMissing
--- PASS: TestComputeResultGetMissing (0.00s)
=== RUN   TestComputeResultVsExecute
--- PASS: TestComputeResultVsExecute (0.00s)
=== RUN   TestExecuteModifiesState
--- PASS: TestExecuteModifiesState (0.00s)
PASS
ok  	github.com/imdea-software/swiftpaxos/state	(cached)
?   	github.com/imdea-software/swiftpaxos/swift	[no test files]

Tests: ALL PASS (46 tests: 39 curp-ht + 7 state)
