=== Build and Test Log ===
Timestamp: Sat Jan 31 04:04:24 PM UTC 2026
Commit: 60188cc

=== Phase 8: Integration with Main Application ===
Task 8.1: Updated run.go to support curpht protocol
Task 8.2: Updated main.go for curpht client

=== Build Output ===
Build: SUCCESS

=== Test Output ===
?   	github.com/imdea-software/swiftpaxos	[no test files]
?   	github.com/imdea-software/swiftpaxos/client	[no test files]
?   	github.com/imdea-software/swiftpaxos/config	[no test files]
?   	github.com/imdea-software/swiftpaxos/curp	[no test files]
ok  	github.com/imdea-software/swiftpaxos/curp-ht	(cached)
?   	github.com/imdea-software/swiftpaxos/dlog	[no test files]
?   	github.com/imdea-software/swiftpaxos/epaxos	[no test files]
?   	github.com/imdea-software/swiftpaxos/fastpaxos	[no test files]
?   	github.com/imdea-software/swiftpaxos/hook	[no test files]
?   	github.com/imdea-software/swiftpaxos/master	[no test files]
?   	github.com/imdea-software/swiftpaxos/n2paxos	[no test files]
?   	github.com/imdea-software/swiftpaxos/paxos	[no test files]
?   	github.com/imdea-software/swiftpaxos/replica	[no test files]
?   	github.com/imdea-software/swiftpaxos/replica/defs	[no test files]
?   	github.com/imdea-software/swiftpaxos/rpc	[no test files]
?   	github.com/imdea-software/swiftpaxos/state	[no test files]
?   	github.com/imdea-software/swiftpaxos/swift	[no test files]
Tests: ALL PASS
