=== Build and Test Log ===
Timestamp: Sat Jan 31 04:02:30 PM UTC 2026
Commit: 0ce2e44

=== Phase 6: Causal Ordering ===
Task 6.1: Added CausalDep field to MWeakPropose
Task 6.2: Added lastWeakSeqNum tracking in client
Task 6.3: Implemented waitForWeakDep and markWeakExecuted

=== Build Output ===
Build: SUCCESS

=== Test Output ===
=== RUN   TestMWeakProposeSerialization
--- PASS: TestMWeakProposeSerialization (0.00s)
=== RUN   TestMWeakReplySerialization
--- PASS: TestMWeakReplySerialization (0.00s)
=== RUN   TestMWeakProposeCache
--- PASS: TestMWeakProposeCache (0.00s)
=== RUN   TestMWeakReplyCache
--- PASS: TestMWeakReplyCache (0.00s)
=== RUN   TestConsistencyConstants
--- PASS: TestConsistencyConstants (0.00s)
=== RUN   TestCommandIdString
--- PASS: TestCommandIdString (0.00s)
=== RUN   TestWeakCommandExecution
--- PASS: TestWeakCommandExecution (0.00s)
=== RUN   TestMWeakProposeNew
--- PASS: TestMWeakProposeNew (0.00s)
=== RUN   TestMWeakReplyNew
--- PASS: TestMWeakReplyNew (0.00s)
=== RUN   TestMWeakProposeBinarySize
--- PASS: TestMWeakProposeBinarySize (0.00s)
=== RUN   TestMWeakReplyBinarySize
--- PASS: TestMWeakReplyBinarySize (0.00s)
=== RUN   TestCommandDescIsWeakField
--- PASS: TestCommandDescIsWeakField (0.00s)
=== RUN   TestMWeakProposeWithEmptyCommand
--- PASS: TestMWeakProposeWithEmptyCommand (0.00s)
=== RUN   TestMWeakReplyWithEmptyRep
--- PASS: TestMWeakReplyWithEmptyRep (0.00s)
=== RUN   TestMixedCommandsSlotOrdering
--- PASS: TestMixedCommandsSlotOrdering (0.00s)
PASS
ok  	github.com/imdea-software/swiftpaxos/curp-ht	(cached)
Tests: ALL PASS (15/15)
